<!DOCTYPE html PUBLIC "-//W3C//DTD XHTML 1.1//EN" "https://www.w3.org/TR/xhtml11/DTD/xhtml11.dtd">
<html xmlns="https://www.w3.org/1999/xhtml">
<head>
<meta http-equiv="content-type" content="text/html; charset=UTF-8"/>
<title>TestNG Report</title>
<style type="text/css">table {margin-bottom:10px;border-collapse:collapse;empty-cells:show}th,td {border:1px solid #009;padding:.25em .5em}th {vertical-align:bottom}td {vertical-align:top}table a {font-weight:bold}.stripe td {background-color: #E6EBF9}.num {text-align:right}.passedodd td {background-color: #3F3}.passedeven td {background-color: #0A0}.skippedodd td {background-color: #DDD}.skippedeven td {background-color: #CCC}.failedodd td,.attn {background-color: #F33}.failedeven td,.stripe .attn {background-color: #D00}.stacktrace {white-space:pre;font-family:monospace}.totop {font-size:85%;text-align:center;border-bottom:2px solid #000}.invisible {display:none}</style>
</head>
<body>
<table>
<tr><th>Test</th><th># Passed</th><th># Skipped</th><th># Retried</th><th># Failed</th><th>Time (ms)</th><th>Included Groups</th><th>Excluded Groups</th></tr>
<tr><th colspan="8">Suite</th></tr>
<tr><td><a href="#t0">Test</a></td><td class="num">1</td><td class="num">0</td><td class="num">0</td><td class="num attn">2</td><td class="num">32,686</td><td></td><td></td></tr>
</table>
<table id='summary'><thead><tr><th>Class</th><th>Method</th><th>Start</th><th>Time (ms)</th></tr></thead><tbody><tr><th colspan="4">Suite</th></tr></tbody><tbody id="t0"><tr><th colspan="4">Test &#8212; failed</th></tr><tr class="failedeven"><td rowspan="1">Tests.InValidLoginTest</td><td><a href="#m0">InValidLogin</a></td><td rowspan="1">1654393380922</td><td rowspan="1">2996</td></tr><tr class="failedodd"><td rowspan="1">Tests.LoginTest</td><td><a href="#m1">InValidLogin</a></td><td rowspan="1">1654393361814</td><td rowspan="1">3099</td></tr><tr><th colspan="4">Test &#8212; passed</th></tr><tr class="passedeven"><td rowspan="1">Tests.LoginTest</td><td><a href="#m2">Login</a></td><td rowspan="1">1654393365420</td><td rowspan="1">6402</td></tr></tbody>
</table>
<h2>Test</h2><h3 id="m0">Tests.InValidLoginTest#InValidLogin</h3><table class="result"><tr><th>Exception</th></tr><tr><td><div class="stacktrace">java.lang.AssertionError: expected [true] but found [false]
	at Generic.CommonFunctions.isElementPresentAssertTrue(CommonFunctions.java:66)
	at Pages.PageActions.LoginPageAction.inValidLogin(LoginPageAction.java:42)
	at Tests.InValidLoginTest.InValidLogin(InValidLoginTest.java:14)
	at java.util.ArrayList.forEach(ArrayList.java:1257)
	at com.intellij.rt.testng.IDEARemoteTestNG.run(IDEARemoteTestNG.java:66)
	at com.intellij.rt.testng.RemoteTestNGStarter.main(RemoteTestNGStarter.java:109)
... Removed 28 stack frames</div></td></tr></table><p class="totop"><a href="#summary">back to summary</a></p>
<h3 id="m1">Tests.LoginTest#InValidLogin</h3><table class="result"><tr><th>Exception</th></tr><tr><td><div class="stacktrace">java.lang.AssertionError: expected [true] but found [false]
	at Generic.CommonFunctions.isElementPresentAssertTrue(CommonFunctions.java:66)
	at Pages.PageActions.LoginPageAction.inValidLogin(LoginPageAction.java:42)
	at Tests.LoginTest.InValidLogin(LoginTest.java:20)
	at java.util.ArrayList.forEach(ArrayList.java:1257)
	at com.intellij.rt.testng.IDEARemoteTestNG.run(IDEARemoteTestNG.java:66)
	at com.intellij.rt.testng.RemoteTestNGStarter.main(RemoteTestNGStarter.java:109)
... Removed 28 stack frames</div></td></tr></table><p class="totop"><a href="#summary">back to summary</a></p>
<h3 id="m2">Tests.LoginTest#Login</h3><table class="result"><tr><th>Messages</th></tr><tr><td><div class="messages">Username is entered<br/>password is entered<br/>Login button is clicked</div></td></tr></table><p class="totop"><a href="#summary">back to summary</a></p>
</body>
</html>
